{"level":"INFO","time":"2025-07-15T02:38:17.657Z","pid":10690,"hostname":"codespaces-01c546","req":{"method":"POST","url":"/api/accounts/login"},"event":"USER_LOGIN","userId":"CUST2025002","name":"Gurnish Singh","ip":"::1","userAgent":"Mozilla/5.0 (Windows NT 10.0; Win64; x64) AppleWebKit/537.36 (KHTML, like Gecko) Chrome/138.0.0.0 Safari/537.36","msg":"User logged in"}
{"level":"INFO","time":"2025-07-15T02:38:17.664Z","pid":10690,"hostname":"codespaces-01c546","req":{"method":"POST","url":"/api/accounts/login"},"res":{"statusCode":200},"responseTime":149,"msg":"POST /login - 200"}
{"level":"INFO","time":"2025-07-15T02:38:20.115Z","pid":10690,"hostname":"codespaces-01c546","req":{"method":"GET","url":"/api/accounts"},"res":{"statusCode":200},"responseTime":9,"msg":"GET / - 200"}
{"level":"WARN","time":"2025-07-15T02:53:07.574Z","pid":10690,"hostname":"codespaces-01c546","req":{"method":"POST","url":"/health"},"res":{"statusCode":404},"responseTime":4,"msg":"POST /health - 404"}
{"level":"WARN","time":"2025-07-15T02:56:57.078Z","pid":21090,"hostname":"codespaces-01c546","req":{"method":"POST","url":"/health"},"res":{"statusCode":404},"responseTime":9,"msg":"POST /health - 404"}
{"level":"WARN","time":"2025-07-15T02:57:39.979Z","pid":21090,"hostname":"codespaces-01c546","req":{"method":"POST","url":"/health"},"res":{"statusCode":404},"responseTime":3,"msg":"POST /health - 404"}
{"level":"WARN","time":"2025-07-15T02:57:45.042Z","pid":21090,"hostname":"codespaces-01c546","req":{"method":"POST","url":"/health"},"res":{"statusCode":404},"responseTime":1,"msg":"POST /health - 404"}
{"level":"WARN","time":"2025-07-15T02:57:52.415Z","pid":21090,"hostname":"codespaces-01c546","req":{"method":"POST","url":"/health"},"res":{"statusCode":404},"responseTime":1,"msg":"POST /health - 404"}
{"level":"WARN","time":"2025-07-15T02:57:57.494Z","pid":21090,"hostname":"codespaces-01c546","req":{"method":"POST","url":"/health"},"res":{"statusCode":404},"responseTime":1,"msg":"POST /health - 404"}
{"level":"INFO","time":"2025-07-15T03:01:53.287Z","pid":21090,"hostname":"codespaces-01c546","req":{"method":"GET","url":"/health"},"res":{"statusCode":200},"responseTime":3,"msg":"GET /health - 200"}
{"level":"WARN","time":"2025-07-15T03:04:55.322Z","pid":21090,"hostname":"codespaces-01c546","req":{"method":"POST","url":"/health"},"res":{"statusCode":404},"responseTime":2,"msg":"POST /health - 404"}
{"level":"INFO","time":"2025-07-15T05:02:40.887Z","pid":4426,"hostname":"codespaces-01c546","req":{"method":"GET","url":"/health"},"res":{"statusCode":200},"responseTime":6,"msg":"GET /health - 200"}
{"level":"INFO","time":"2025-07-15T05:16:05.795Z","pid":8292,"hostname":"codespaces-01c546","req":{"method":"GET","url":"/health"},"res":{"statusCode":200},"responseTime":8,"msg":"GET /health - 200"}
{"level":"INFO","time":"2025-07-15T05:18:45.034Z","pid":8292,"hostname":"codespaces-01c546","req":{"method":"GET","url":"/health"},"res":{"statusCode":200},"responseTime":2,"msg":"GET /health - 200"}
{"level":"INFO","time":"2025-07-15T05:18:45.074Z","pid":8292,"hostname":"codespaces-01c546","req":{"method":"POST","url":"/gateway/account"},"res":{"statusCode":200},"responseTime":27,"msg":"POST /account - 200"}
{"level":"INFO","time":"2025-07-15T05:22:09.855Z","pid":8292,"hostname":"codespaces-01c546","req":{"method":"GET","url":"/health"},"res":{"statusCode":200},"responseTime":2,"msg":"GET /health - 200"}
{"level":"INFO","time":"2025-07-15T05:22:09.889Z","pid":8292,"hostname":"codespaces-01c546","req":{"method":"POST","url":"/gateway/account"},"res":{"statusCode":200},"responseTime":12,"msg":"POST /account - 200"}
{"level":"INFO","time":"2025-07-15T05:22:21.533Z","pid":8292,"hostname":"codespaces-01c546","req":{"method":"GET","url":"/health"},"res":{"statusCode":200},"responseTime":1,"msg":"GET /health - 200"}
{"level":"INFO","time":"2025-07-15T05:22:21.554Z","pid":8292,"hostname":"codespaces-01c546","req":{"method":"POST","url":"/gateway/account"},"res":{"statusCode":200},"responseTime":13,"msg":"POST /account - 200"}
{"level":"INFO","time":"2025-07-15T05:24:53.586Z","pid":8292,"hostname":"codespaces-01c546","req":{"method":"GET","url":"/health"},"res":{"statusCode":200},"responseTime":1,"msg":"GET /health - 200"}
{"level":"INFO","time":"2025-07-15T05:24:53.603Z","pid":8292,"hostname":"codespaces-01c546","req":{"method":"POST","url":"/gateway/account"},"res":{"statusCode":200},"responseTime":12,"msg":"POST /account - 200"}
{"level":"INFO","time":"2025-07-15T05:25:17.019Z","pid":8292,"hostname":"codespaces-01c546","req":{"method":"GET","url":"/health"},"res":{"statusCode":200},"responseTime":3,"msg":"GET /health - 200"}
{"level":"INFO","time":"2025-07-15T05:25:17.037Z","pid":8292,"hostname":"codespaces-01c546","req":{"method":"POST","url":"/gateway/account"},"res":{"statusCode":200},"responseTime":14,"msg":"POST /account - 200"}
{"level":"INFO","time":"2025-07-15T05:27:13.849Z","pid":8292,"hostname":"codespaces-01c546","req":{"method":"GET","url":"/health"},"res":{"statusCode":200},"responseTime":1,"msg":"GET /health - 200"}
{"level":"INFO","time":"2025-07-15T05:27:13.871Z","pid":8292,"hostname":"codespaces-01c546","req":{"method":"POST","url":"/gateway/account"},"res":{"statusCode":200},"responseTime":13,"msg":"POST /account - 200"}
{"level":"INFO","time":"2025-07-15T05:27:17.484Z","pid":8292,"hostname":"codespaces-01c546","req":{"method":"GET","url":"/health"},"res":{"statusCode":200},"responseTime":1,"msg":"GET /health - 200"}
{"level":"INFO","time":"2025-07-15T05:27:17.507Z","pid":8292,"hostname":"codespaces-01c546","req":{"method":"POST","url":"/gateway/account"},"res":{"statusCode":200},"responseTime":15,"msg":"POST /account - 200"}
{"level":"INFO","time":"2025-07-15T05:27:39.867Z","pid":8292,"hostname":"codespaces-01c546","req":{"method":"GET","url":"/health"},"res":{"statusCode":200},"responseTime":0,"msg":"GET /health - 200"}
{"level":"INFO","time":"2025-07-15T05:27:39.874Z","pid":8292,"hostname":"codespaces-01c546","req":{"method":"POST","url":"/gateway/account"},"res":{"statusCode":200},"responseTime":5,"msg":"POST /account - 200"}
{"level":"ERROR","time":"2025-07-15T05:27:39.903Z","pid":8292,"hostname":"codespaces-01c546","req":{"method":"POST","url":"/gateway/transfer"},"res":{"statusCode":500},"err":{"type":"Error","message":"failed with status code 500","stack":"Error: failed with status code 500\n    at onResFinished (/workspaces/LinkSuraksha/bank/backend/node_modules/pino-http/logger.js:115:39)\n    at ServerResponse.onResponseComplete (/workspaces/LinkSuraksha/bank/backend/node_modules/pino-http/logger.js:178:14)\n    at ServerResponse.emit (node:events:530:35)\n    at onFinish (node:_http_outgoing:1081:10)\n    at callback (node:internal/streams/writable:766:21)\n    at afterWrite (node:internal/streams/writable:710:5)\n    at afterWriteTick (node:internal/streams/writable:696:10)\n    at process.processTicksAndRejections (node:internal/process/task_queues:89:21)"},"responseTime":19,"msg":"POST /transfer - 500 - failed with status code 500"}
{"level":"INFO","time":"2025-07-15T05:32:06.167Z","pid":21162,"hostname":"codespaces-01c546","req":{"method":"GET","url":"/health"},"res":{"statusCode":200},"responseTime":8,"msg":"GET /health - 200"}
{"level":"INFO","time":"2025-07-15T05:32:06.217Z","pid":21162,"hostname":"codespaces-01c546","req":{"method":"POST","url":"/gateway/account"},"res":{"statusCode":200},"responseTime":33,"msg":"POST /account - 200"}
{"level":"INFO","time":"2025-07-15T05:32:09.852Z","pid":21162,"hostname":"codespaces-01c546","req":{"method":"GET","url":"/health"},"res":{"statusCode":200},"responseTime":2,"msg":"GET /health - 200"}
{"level":"INFO","time":"2025-07-15T05:32:09.870Z","pid":21162,"hostname":"codespaces-01c546","req":{"method":"POST","url":"/gateway/account"},"res":{"statusCode":200},"responseTime":14,"msg":"POST /account - 200"}
{"level":"INFO","time":"2025-07-15T05:32:15.103Z","pid":21162,"hostname":"codespaces-01c546","req":{"method":"GET","url":"/health"},"res":{"statusCode":200},"responseTime":1,"msg":"GET /health - 200"}
{"level":"INFO","time":"2025-07-15T05:32:15.118Z","pid":21162,"hostname":"codespaces-01c546","req":{"method":"POST","url":"/gateway/account"},"res":{"statusCode":200},"responseTime":10,"msg":"POST /account - 200"}
{"level":"INFO","time":"2025-07-15T05:32:38.774Z","pid":21162,"hostname":"codespaces-01c546","req":{"method":"GET","url":"/health"},"res":{"statusCode":200},"responseTime":1,"msg":"GET /health - 200"}
{"level":"INFO","time":"2025-07-15T05:32:38.782Z","pid":21162,"hostname":"codespaces-01c546","req":{"method":"POST","url":"/gateway/account"},"res":{"statusCode":200},"responseTime":6,"msg":"POST /account - 200"}
{"level":"ERROR","time":"2025-07-15T05:32:38.836Z","pid":21162,"hostname":"codespaces-01c546","req":{"method":"POST","url":"/gateway/transfer"},"event":"TRANSACTION_ERROR","transactionId":null,"errorCode":20,"errorMessage":"Transaction numbers are only allowed on a replica set member or mongos","context":{"senderTxId":"6875e7f6825fdedce0407e91","gatewayData":{"success":true,"senderTxId":"6875e7f6825fdedce0407e91","fromAccountNumber":"123456789115","toAccountNumber":"123456789014","amount":103,"note":"Test"},"userId":"CUST2025002"},"ip":"::1","userId":"CUST2025002","msg":"Transaction error: Transaction numbers are only allowed on a replica set member or mongos"}
{"level":"ERROR","time":"2025-07-15T05:32:38.838Z","pid":21162,"hostname":"codespaces-01c546","req":{"method":"POST","url":"/gateway/transfer"},"res":{"statusCode":500},"err":{"type":"Error","message":"failed with status code 500","stack":"Error: failed with status code 500\n    at onResFinished (/workspaces/LinkSuraksha/bank/backend/node_modules/pino-http/logger.js:115:39)\n    at ServerResponse.onResponseComplete (/workspaces/LinkSuraksha/bank/backend/node_modules/pino-http/logger.js:178:14)\n    at ServerResponse.emit (node:events:530:35)\n    at onFinish (node:_http_outgoing:1081:10)\n    at callback (node:internal/streams/writable:766:21)\n    at afterWrite (node:internal/streams/writable:710:5)\n    at afterWriteTick (node:internal/streams/writable:696:10)\n    at process.processTicksAndRejections (node:internal/process/task_queues:89:21)"},"responseTime":43,"msg":"POST /transfer - 500 - failed with status code 500"}
{"level":"INFO","time":"2025-07-15T05:35:10.418Z","pid":21162,"hostname":"codespaces-01c546","req":{"method":"GET","url":"/health"},"res":{"statusCode":200},"responseTime":1,"msg":"GET /health - 200"}
{"level":"INFO","time":"2025-07-15T05:35:10.434Z","pid":21162,"hostname":"codespaces-01c546","req":{"method":"POST","url":"/gateway/account"},"res":{"statusCode":200},"responseTime":13,"msg":"POST /account - 200"}
{"level":"ERROR","time":"2025-07-15T05:35:10.460Z","pid":21162,"hostname":"codespaces-01c546","req":{"method":"POST","url":"/gateway/transfer"},"event":"TRANSACTION_ERROR","transactionId":null,"errorCode":20,"errorMessage":"Transaction numbers are only allowed on a replica set member or mongos","context":{"senderTxId":"6875e88e825fdedce0407e99","gatewayData":{"success":true,"senderTxId":"6875e88e825fdedce0407e99","fromAccountNumber":"123456789115","toAccountNumber":"123456789014","amount":103,"note":"Test"},"userId":"CUST2025002"},"ip":"::1","userId":"CUST2025002","msg":"Transaction error: Transaction numbers are only allowed on a replica set member or mongos"}
{"level":"ERROR","time":"2025-07-15T05:35:10.463Z","pid":21162,"hostname":"codespaces-01c546","req":{"method":"POST","url":"/gateway/transfer"},"res":{"statusCode":500},"err":{"type":"Error","message":"failed with status code 500","stack":"Error: failed with status code 500\n    at onResFinished (/workspaces/LinkSuraksha/bank/backend/node_modules/pino-http/logger.js:115:39)\n    at ServerResponse.onResponseComplete (/workspaces/LinkSuraksha/bank/backend/node_modules/pino-http/logger.js:178:14)\n    at ServerResponse.emit (node:events:530:35)\n    at onFinish (node:_http_outgoing:1081:10)\n    at callback (node:internal/streams/writable:766:21)\n    at afterWrite (node:internal/streams/writable:710:5)\n    at afterWriteTick (node:internal/streams/writable:696:10)\n    at process.processTicksAndRejections (node:internal/process/task_queues:89:21)"},"responseTime":22,"msg":"POST /transfer - 500 - failed with status code 500"}
{"level":"INFO","time":"2025-07-15T06:11:31.975Z","pid":60248,"hostname":"codespaces-01c546","req":{"method":"POST","url":"/api/accounts/login"},"event":"USER_LOGIN","userId":"CUST2025002","name":"Gurnish Singh","ip":"::1","userAgent":"Mozilla/5.0 (Windows NT 10.0; Win64; x64) AppleWebKit/537.36 (KHTML, like Gecko) Chrome/138.0.0.0 Safari/537.36","msg":"User logged in"}
{"level":"INFO","time":"2025-07-15T06:11:31.980Z","pid":60248,"hostname":"codespaces-01c546","req":{"method":"POST","url":"/api/accounts/login"},"res":{"statusCode":200},"responseTime":182,"msg":"POST /login - 200"}
{"level":"INFO","time":"2025-07-15T06:11:34.481Z","pid":60248,"hostname":"codespaces-01c546","req":{"method":"GET","url":"/api/accounts"},"res":{"statusCode":200},"responseTime":8,"msg":"GET / - 200"}
{"level":"INFO","time":"2025-07-15T06:11:38.926Z","pid":60248,"hostname":"codespaces-01c546","req":{"method":"GET","url":"/api/accounts"},"res":{"statusCode":304},"responseTime":6,"msg":"GET / - 304"}
{"level":"ERROR","time":"2025-07-15T06:11:52.381Z","pid":60248,"hostname":"codespaces-01c546","req":{"method":"POST","url":"/api/accounts/transfer"},"event":"TRANSACTION_ERROR","errorCode":20,"errorMessage":"Transaction numbers are only allowed on a replica set member or mongos","context":{"senderAccountId":"687321f5229d74f8fe6485b4","senderCustomerId":"CUST2025002","recipientAccountNumber":"123456789116","amount":13,"userId":"687321f5229d74f8fe6485b4"},"ip":"::1","userId":"687321f5229d74f8fe6485b4","msg":"Transaction error: Transaction numbers are only allowed on a replica set member or mongos"}
{"level":"INFO","time":"2025-07-15T06:13:07.461Z","pid":60248,"hostname":"codespaces-01c546","req":{"method":"GET","url":"/api/accounts"},"res":{"statusCode":200},"responseTime":7,"msg":"GET / - 200"}
{"level":"ERROR","time":"2025-07-15T06:13:24.107Z","pid":60248,"hostname":"codespaces-01c546","req":{"method":"POST","url":"/api/accounts/transfer"},"event":"TRANSACTION_ERROR","errorCode":20,"errorMessage":"Transaction numbers are only allowed on a replica set member or mongos","context":{"senderAccountId":"687321f5229d74f8fe6485b4","senderCustomerId":"CUST2025002","recipientAccountNumber":"123456789116","amount":42.98,"userId":"687321f5229d74f8fe6485b4"},"ip":"::1","userId":"687321f5229d74f8fe6485b4","msg":"Transaction error: Transaction numbers are only allowed on a replica set member or mongos"}
{"level":"INFO","time":"2025-07-15T06:13:53.394Z","pid":60248,"hostname":"codespaces-01c546","req":{"method":"GET","url":"/health"},"res":{"statusCode":200},"responseTime":1,"msg":"GET /health - 200"}
{"level":"INFO","time":"2025-07-15T06:26:12.479Z","pid":74316,"hostname":"codespaces-01c546","req":{"method":"GET","url":"/api/accounts"},"res":{"statusCode":200},"responseTime":29,"msg":"GET / - 200"}
{"level":"INFO","time":"2025-07-15T06:26:17.061Z","pid":74316,"hostname":"codespaces-01c546","req":{"method":"GET","url":"/health"},"res":{"statusCode":200},"responseTime":2,"msg":"GET /health - 200"}
{"level":"INFO","time":"2025-07-15T06:26:26.336Z","pid":74316,"hostname":"codespaces-01c546","req":{"method":"GET","url":"/api/accounts"},"res":{"statusCode":200},"responseTime":8,"msg":"GET / - 200"}
{"level":"INFO","time":"2025-07-15T06:26:44.250Z","pid":74316,"hostname":"codespaces-01c546","req":{"method":"POST","url":"/api/accounts/transfer"},"event":"TRANSACTION_CREATED","transactionId":"6875f4a48b61204e9b726a02","fromUserId":"CUST2025002","toUserId":"CUST2025003","amount":343,"ip":"::1","msg":"Transaction created"}
{"level":"INFO","time":"2025-07-15T06:26:44.258Z","pid":74316,"hostname":"codespaces-01c546","req":{"method":"POST","url":"/api/accounts/transfer"},"event":"TRANSACTION_STATUS_UPDATE","transactionId":"6875f4a48b61204e9b726a02","oldStatus":"INITIATED","newStatus":"DEDUCTED","ip":"::1","msg":"Transaction status updated"}
{"level":"INFO","time":"2025-07-15T06:26:44.259Z","pid":74316,"hostname":"codespaces-01c546","req":{"method":"POST","url":"/api/accounts/transfer"},"event":"TRANSACTION_STATUS_UPDATE","transactionId":"6875f4a48b61204e9b726a02","oldStatus":"DEDUCTED","newStatus":"CREDITED","ip":"::1","msg":"Transaction status updated"}
{"level":"INFO","time":"2025-07-15T06:26:44.270Z","pid":74316,"hostname":"codespaces-01c546","req":{"method":"POST","url":"/api/accounts/transfer"},"event":"TRANSACTION_PROCESSED","transactionId":"6875f4a48b61204e9b726a02","status":"COMPLETED","processingTime":21,"ip":"::1","msg":"Transaction processed"}
{"level":"INFO","time":"2025-07-15T06:26:44.271Z","pid":74316,"hostname":"codespaces-01c546","req":{"method":"POST","url":"/api/accounts/transfer"},"res":{"statusCode":200},"responseTime":105,"msg":"POST /transfer - 200"}
{"level":"INFO","time":"2025-07-15T06:26:44.433Z","pid":74316,"hostname":"codespaces-01c546","req":{"method":"GET","url":"/api/accounts"},"res":{"statusCode":200},"responseTime":7,"msg":"GET / - 200"}
{"level":"INFO","time":"2025-07-15T06:26:47.557Z","pid":74316,"hostname":"codespaces-01c546","req":{"method":"GET","url":"/api/accounts/transactions"},"res":{"statusCode":200},"responseTime":9,"msg":"GET /transactions - 200"}
{"level":"INFO","time":"2025-07-15T06:31:01.388Z","pid":74316,"hostname":"codespaces-01c546","req":{"method":"GET","url":"/health"},"res":{"statusCode":200},"responseTime":6,"msg":"GET /health - 200"}
{"level":"INFO","time":"2025-07-15T06:31:01.417Z","pid":74316,"hostname":"codespaces-01c546","req":{"method":"POST","url":"/gateway/account"},"res":{"statusCode":200},"responseTime":11,"msg":"POST /account - 200"}
{"level":"INFO","time":"2025-07-15T06:31:21.448Z","pid":74316,"hostname":"codespaces-01c546","req":{"method":"GET","url":"/health"},"res":{"statusCode":200},"responseTime":5,"msg":"GET /health - 200"}
{"level":"INFO","time":"2025-07-15T06:31:21.470Z","pid":74316,"hostname":"codespaces-01c546","req":{"method":"POST","url":"/gateway/account"},"res":{"statusCode":200},"responseTime":16,"msg":"POST /account - 200"}
{"level":"INFO","time":"2025-07-15T06:31:35.092Z","pid":74316,"hostname":"codespaces-01c546","req":{"method":"GET","url":"/health"},"res":{"statusCode":200},"responseTime":1,"msg":"GET /health - 200"}
{"level":"INFO","time":"2025-07-15T06:31:35.100Z","pid":74316,"hostname":"codespaces-01c546","req":{"method":"POST","url":"/gateway/account"},"res":{"statusCode":200},"responseTime":5,"msg":"POST /account - 200"}
{"level":"INFO","time":"2025-07-15T06:31:39.186Z","pid":74316,"hostname":"codespaces-01c546","req":{"method":"GET","url":"/health"},"res":{"statusCode":200},"responseTime":2,"msg":"GET /health - 200"}
{"level":"INFO","time":"2025-07-15T06:31:39.193Z","pid":74316,"hostname":"codespaces-01c546","req":{"method":"POST","url":"/gateway/account"},"res":{"statusCode":200},"responseTime":5,"msg":"POST /account - 200"}
{"level":"INFO","time":"2025-07-15T06:32:03.105Z","pid":74316,"hostname":"codespaces-01c546","req":{"method":"GET","url":"/health"},"res":{"statusCode":200},"responseTime":1,"msg":"GET /health - 200"}
{"level":"INFO","time":"2025-07-15T06:32:03.113Z","pid":74316,"hostname":"codespaces-01c546","req":{"method":"POST","url":"/gateway/account"},"res":{"statusCode":200},"responseTime":5,"msg":"POST /account - 200"}
{"level":"INFO","time":"2025-07-15T06:32:03.171Z","pid":74316,"hostname":"codespaces-01c546","req":{"method":"POST","url":"/gateway/transfer"},"event":"TRANSACTION_CREATED","transactionId":"6875f5e38b61204e9b726a1c","fromUserId":"CUST2025003","toUserId":"CUST2025001","amount":43,"ip":"::1","msg":"Transaction created"}
{"level":"INFO","time":"2025-07-15T06:32:03.174Z","pid":74316,"hostname":"codespaces-01c546","req":{"method":"POST","url":"/gateway/transfer"},"event":"TRANSACTION_PROCESSED","transactionId":"6875f5e38b61204e9b726a1c","status":"COMPLETED","processingTime":14,"ip":"::1","msg":"Transaction processed"}
{"level":"INFO","time":"2025-07-15T06:32:03.175Z","pid":74316,"hostname":"codespaces-01c546","req":{"method":"POST","url":"/gateway/transfer"},"res":{"statusCode":200},"responseTime":50,"msg":"POST /transfer - 200"}
{"level":"INFO","time":"2025-07-15T06:32:03.205Z","pid":74316,"hostname":"codespaces-01c546","req":{"method":"POST","url":"/gateway/transfer"},"event":"TRANSACTION_CREATED","transactionId":"6875f5e38b61204e9b726a23","fromUserId":"CUST2025001","toUserId":"CUST2025002","amount":43,"ip":"::1","msg":"Transaction created"}
{"level":"INFO","time":"2025-07-15T06:32:03.208Z","pid":74316,"hostname":"codespaces-01c546","req":{"method":"POST","url":"/gateway/transfer"},"event":"TRANSACTION_PROCESSED","transactionId":"6875f5e38b61204e9b726a23","status":"COMPLETED","processingTime":16,"ip":"::1","msg":"Transaction processed"}
{"level":"INFO","time":"2025-07-15T06:32:03.208Z","pid":74316,"hostname":"codespaces-01c546","req":{"method":"POST","url":"/gateway/transfer"},"res":{"statusCode":200},"responseTime":27,"msg":"POST /transfer - 200"}
{"level":"INFO","time":"2025-07-15T06:32:05.319Z","pid":74316,"hostname":"codespaces-01c546","req":{"method":"GET","url":"/health"},"res":{"statusCode":200},"responseTime":1,"msg":"GET /health - 200"}
{"level":"INFO","time":"2025-07-15T06:32:05.331Z","pid":74316,"hostname":"codespaces-01c546","req":{"method":"POST","url":"/gateway/account"},"res":{"statusCode":200},"responseTime":9,"msg":"POST /account - 200"}
{"level":"WARN","time":"2025-07-15T07:55:42.520Z","pid":112217,"hostname":"codespaces-01c546","req":{"method":"GET","url":"/api/accounts/login"},"res":{"statusCode":404},"responseTime":9,"msg":"GET /api/accounts/login - 404"}
{"level":"INFO","time":"2025-07-15T09:13:35.950Z","pid":13559,"hostname":"codespaces-01c546","req":{"method":"POST","url":"/api/accounts/login"},"event":"USER_LOGIN","userId":"CUST2025002","name":"Gurnish Singh","ip":"::1","userAgent":"Mozilla/5.0 (Linux; Android 6.0; Nexus 5 Build/MRA58N) AppleWebKit/537.36 (KHTML, like Gecko) Chrome/138.0.0.0 Mobile Safari/537.36","msg":"User logged in"}
{"level":"INFO","time":"2025-07-15T09:13:35.954Z","pid":13559,"hostname":"codespaces-01c546","req":{"method":"POST","url":"/api/accounts/login"},"res":{"statusCode":200},"responseTime":153,"msg":"POST /login - 200"}
{"level":"INFO","time":"2025-07-15T09:13:44.197Z","pid":13559,"hostname":"codespaces-01c546","req":{"method":"GET","url":"/api/accounts"},"res":{"statusCode":200},"responseTime":8,"msg":"GET / - 200"}
{"level":"INFO","time":"2025-07-15T09:27:37.126Z","pid":22359,"hostname":"codespaces-01c546","req":{"method":"POST","url":"/api/accounts/login"},"event":"USER_LOGIN","userId":"CUST2025002","name":"Gurnish Singh","ip":"::1","userAgent":"Mozilla/5.0 (Linux; Android 6.0; Nexus 5 Build/MRA58N) AppleWebKit/537.36 (KHTML, like Gecko) Chrome/138.0.0.0 Mobile Safari/537.36","msg":"User logged in"}
{"level":"INFO","time":"2025-07-15T09:27:37.136Z","pid":22359,"hostname":"codespaces-01c546","req":{"method":"POST","url":"/api/accounts/login"},"res":{"statusCode":200},"responseTime":104,"msg":"POST /login - 200"}
{"level":"INFO","time":"2025-07-15T09:27:43.484Z","pid":22359,"hostname":"codespaces-01c546","req":{"method":"GET","url":"/api/accounts"},"res":{"statusCode":200},"responseTime":9,"msg":"GET / - 200"}
{"level":"INFO","time":"2025-07-15T09:28:00.729Z","pid":22359,"hostname":"codespaces-01c546","req":{"method":"GET","url":"/api/accounts"},"res":{"statusCode":200},"responseTime":6,"msg":"GET / - 200"}
{"level":"INFO","time":"2025-07-15T09:28:07.042Z","pid":22359,"hostname":"codespaces-01c546","req":{"method":"GET","url":"/api/accounts"},"res":{"statusCode":200},"responseTime":5,"msg":"GET / - 200"}
{"level":"INFO","time":"2025-07-15T09:28:13.573Z","pid":22359,"hostname":"codespaces-01c546","req":{"method":"GET","url":"/api/accounts"},"res":{"statusCode":200},"responseTime":5,"msg":"GET / - 200"}
{"level":"INFO","time":"2025-07-15T09:28:16.925Z","pid":22359,"hostname":"codespaces-01c546","req":{"method":"GET","url":"/api/accounts"},"res":{"statusCode":200},"responseTime":4,"msg":"GET / - 200"}
{"level":"INFO","time":"2025-07-15T09:28:35.472Z","pid":22359,"hostname":"codespaces-01c546","req":{"method":"POST","url":"/api/accounts/transfer"},"event":"TRANSACTION_CREATED","transactionId":"68761f434fecb460ab98ad76","fromUserId":"CUST2025002","toUserId":"CUST2025003","amount":10,"ip":"::1","msg":"Transaction created"}
{"level":"INFO","time":"2025-07-15T09:28:35.481Z","pid":22359,"hostname":"codespaces-01c546","req":{"method":"POST","url":"/api/accounts/transfer"},"event":"TRANSACTION_STATUS_UPDATE","transactionId":"68761f434fecb460ab98ad76","oldStatus":"INITIATED","newStatus":"DEDUCTED","ip":"::1","msg":"Transaction status updated"}
{"level":"INFO","time":"2025-07-15T09:28:35.481Z","pid":22359,"hostname":"codespaces-01c546","req":{"method":"POST","url":"/api/accounts/transfer"},"event":"TRANSACTION_STATUS_UPDATE","transactionId":"68761f434fecb460ab98ad76","oldStatus":"DEDUCTED","newStatus":"CREDITED","ip":"::1","msg":"Transaction status updated"}
{"level":"INFO","time":"2025-07-15T09:28:35.491Z","pid":22359,"hostname":"codespaces-01c546","req":{"method":"POST","url":"/api/accounts/transfer"},"event":"TRANSACTION_PROCESSED","transactionId":"68761f434fecb460ab98ad76","status":"COMPLETED","processingTime":20,"ip":"::1","msg":"Transaction processed"}
{"level":"INFO","time":"2025-07-15T09:28:35.492Z","pid":22359,"hostname":"codespaces-01c546","req":{"method":"POST","url":"/api/accounts/transfer"},"res":{"statusCode":200},"responseTime":88,"msg":"POST /transfer - 200"}
{"level":"INFO","time":"2025-07-15T09:28:35.769Z","pid":22359,"hostname":"codespaces-01c546","req":{"method":"GET","url":"/api/accounts"},"res":{"statusCode":200},"responseTime":4,"msg":"GET / - 200"}
{"level":"INFO","time":"2025-07-15T09:28:37.548Z","pid":22359,"hostname":"codespaces-01c546","req":{"method":"GET","url":"/api/accounts/transactions"},"res":{"statusCode":200},"responseTime":14,"msg":"GET /transactions - 200"}
{"level":"WARN","time":"2025-07-15T09:57:49.458Z","pid":22359,"hostname":"codespaces-01c546","req":{"method":"GET","url":"/"},"res":{"statusCode":404},"responseTime":1,"msg":"GET / - 404"}
{"level":"INFO","time":"2025-07-15T09:57:55.973Z","pid":22359,"hostname":"codespaces-01c546","req":{"method":"GET","url":"/health"},"res":{"statusCode":200},"responseTime":1,"msg":"GET /health - 200"}
{"level":"WARN","time":"2025-07-15T09:57:56.234Z","pid":22359,"hostname":"codespaces-01c546","req":{"method":"GET","url":"/favicon.ico"},"res":{"statusCode":404},"responseTime":1,"msg":"GET /favicon.ico - 404"}
{"level":"INFO","time":"2025-07-15T09:59:32.164Z","pid":22359,"hostname":"codespaces-01c546","req":{"method":"POST","url":"/gateway/account"},"res":{"statusCode":200},"responseTime":8,"msg":"POST /account - 200"}
{"level":"INFO","time":"2025-07-15T10:01:08.441Z","pid":22359,"hostname":"codespaces-01c546","req":{"method":"POST","url":"/gateway/account"},"res":{"statusCode":200},"responseTime":7,"msg":"POST /account - 200"}
{"level":"INFO","time":"2025-07-15T10:01:09.748Z","pid":22359,"hostname":"codespaces-01c546","req":{"method":"POST","url":"/gateway/account"},"res":{"statusCode":200},"responseTime":4,"msg":"POST /account - 200"}
{"level":"INFO","time":"2025-07-15T10:01:19.725Z","pid":22359,"hostname":"codespaces-01c546","req":{"method":"POST","url":"/gateway/account"},"res":{"statusCode":200},"responseTime":5,"msg":"POST /account - 200"}
{"level":"INFO","time":"2025-07-15T10:01:27.214Z","pid":22359,"hostname":"codespaces-01c546","req":{"method":"POST","url":"/gateway/account"},"res":{"statusCode":200},"responseTime":6,"msg":"POST /account - 200"}
{"level":"INFO","time":"2025-07-15T10:01:44.080Z","pid":22359,"hostname":"codespaces-01c546","req":{"method":"POST","url":"/gateway/account"},"res":{"statusCode":200},"responseTime":4,"msg":"POST /account - 200"}
{"level":"ERROR","time":"2025-07-15T10:01:44.111Z","pid":22359,"hostname":"codespaces-01c546","req":{"method":"POST","url":"/gateway/transfer"},"res":{"statusCode":500},"err":{"type":"Error","message":"failed with status code 500","stack":"Error: failed with status code 500\n    at onResFinished (/workspaces/LinkSuraksha/bank/backend/node_modules/pino-http/logger.js:115:39)\n    at ServerResponse.onResponseComplete (/workspaces/LinkSuraksha/bank/backend/node_modules/pino-http/logger.js:178:14)\n    at ServerResponse.emit (node:events:530:35)\n    at onFinish (node:_http_outgoing:1081:10)\n    at callback (node:internal/streams/writable:766:21)\n    at afterWrite (node:internal/streams/writable:710:5)\n    at afterWriteTick (node:internal/streams/writable:696:10)\n    at process.processTicksAndRejections (node:internal/process/task_queues:89:21)"},"responseTime":19,"msg":"POST /transfer - 500 - failed with status code 500"}
{"level":"INFO","time":"2025-07-15T10:03:27.028Z","pid":22359,"hostname":"codespaces-01c546","req":{"method":"POST","url":"/gateway/account"},"res":{"statusCode":200},"responseTime":8,"msg":"POST /account - 200"}
{"level":"INFO","time":"2025-07-15T10:03:31.295Z","pid":22359,"hostname":"codespaces-01c546","req":{"method":"POST","url":"/gateway/account"},"res":{"statusCode":200},"responseTime":6,"msg":"POST /account - 200"}
{"level":"INFO","time":"2025-07-15T10:04:02.548Z","pid":41626,"hostname":"codespaces-01c546","req":{"method":"POST","url":"/gateway/account"},"res":{"statusCode":200},"responseTime":27,"msg":"POST /account - 200"}
{"level":"INFO","time":"2025-07-15T10:04:25.290Z","pid":41626,"hostname":"codespaces-01c546","req":{"method":"POST","url":"/gateway/account"},"res":{"statusCode":200},"responseTime":9,"msg":"POST /account - 200"}
{"level":"ERROR","time":"2025-07-15T10:04:25.333Z","pid":41626,"hostname":"codespaces-01c546","req":{"method":"POST","url":"/gateway/transfer"},"res":{"statusCode":500},"err":{"type":"Error","message":"failed with status code 500","stack":"Error: failed with status code 500\n    at onResFinished (/workspaces/LinkSuraksha/bank/backend/node_modules/pino-http/logger.js:115:39)\n    at ServerResponse.onResponseComplete (/workspaces/LinkSuraksha/bank/backend/node_modules/pino-http/logger.js:178:14)\n    at ServerResponse.emit (node:events:530:35)\n    at onFinish (node:_http_outgoing:1081:10)\n    at callback (node:internal/streams/writable:766:21)\n    at afterWrite (node:internal/streams/writable:710:5)\n    at afterWriteTick (node:internal/streams/writable:696:10)\n    at process.processTicksAndRejections (node:internal/process/task_queues:89:21)"},"responseTime":25,"msg":"POST /transfer - 500 - failed with status code 500"}
{"level":"INFO","time":"2025-07-15T10:05:46.659Z","pid":42640,"hostname":"codespaces-01c546","req":{"method":"POST","url":"/gateway/account"},"res":{"statusCode":200},"responseTime":22,"msg":"POST /account - 200"}
{"level":"INFO","time":"2025-07-15T10:05:46.730Z","pid":42640,"hostname":"codespaces-01c546","req":{"method":"POST","url":"/gateway/transfer"},"event":"TRANSACTION_CREATED","transactionId":"687627fa0ed76e29b0ca2319","fromUserId":"CUST2025002","toUserId":"CUST2025001","amount":5435,"ip":"::1","msg":"Transaction created"}
{"level":"INFO","time":"2025-07-15T10:05:46.734Z","pid":42640,"hostname":"codespaces-01c546","req":{"method":"POST","url":"/gateway/transfer"},"event":"TRANSACTION_PROCESSED","transactionId":"687627fa0ed76e29b0ca2319","status":"COMPLETED","processingTime":24,"ip":"::1","msg":"Transaction processed"}
{"level":"INFO","time":"2025-07-15T10:05:46.735Z","pid":42640,"hostname":"codespaces-01c546","req":{"method":"POST","url":"/gateway/transfer"},"res":{"statusCode":200},"responseTime":66,"msg":"POST /transfer - 200"}
{"level":"INFO","time":"2025-07-15T10:05:46.772Z","pid":42640,"hostname":"codespaces-01c546","req":{"method":"POST","url":"/gateway/transfer"},"event":"TRANSACTION_CREATED","transactionId":"687627fa0ed76e29b0ca2320","fromUserId":"CUST2025001","toUserId":"CUST2025003","amount":5435,"ip":"::1","msg":"Transaction created"}
{"level":"INFO","time":"2025-07-15T10:05:46.776Z","pid":42640,"hostname":"codespaces-01c546","req":{"method":"POST","url":"/gateway/transfer"},"event":"TRANSACTION_PROCESSED","transactionId":"687627fa0ed76e29b0ca2320","status":"COMPLETED","processingTime":16,"ip":"::1","msg":"Transaction processed"}
{"level":"INFO","time":"2025-07-15T10:05:46.776Z","pid":42640,"hostname":"codespaces-01c546","req":{"method":"POST","url":"/gateway/transfer"},"res":{"statusCode":200},"responseTime":34,"msg":"POST /transfer - 200"}
{"level":"INFO","time":"2025-07-15T10:05:48.656Z","pid":42640,"hostname":"codespaces-01c546","req":{"method":"POST","url":"/gateway/account"},"res":{"statusCode":200},"responseTime":8,"msg":"POST /account - 200"}
{"level":"INFO","time":"2025-07-15T10:06:04.263Z","pid":42640,"hostname":"codespaces-01c546","req":{"method":"POST","url":"/gateway/account"},"res":{"statusCode":200},"responseTime":9,"msg":"POST /account - 200"}
{"level":"INFO","time":"2025-07-15T10:06:07.810Z","pid":42640,"hostname":"codespaces-01c546","req":{"method":"POST","url":"/gateway/account"},"res":{"statusCode":200},"responseTime":11,"msg":"POST /account - 200"}
{"level":"INFO","time":"2025-07-15T10:06:47.426Z","pid":42640,"hostname":"codespaces-01c546","req":{"method":"POST","url":"/gateway/account"},"res":{"statusCode":200},"responseTime":6,"msg":"POST /account - 200"}
{"level":"INFO","time":"2025-07-15T10:06:55.773Z","pid":42640,"hostname":"codespaces-01c546","req":{"method":"POST","url":"/gateway/account"},"res":{"statusCode":200},"responseTime":5,"msg":"POST /account - 200"}
{"level":"INFO","time":"2025-07-15T10:07:10.080Z","pid":42640,"hostname":"codespaces-01c546","req":{"method":"POST","url":"/gateway/account"},"res":{"statusCode":200},"responseTime":6,"msg":"POST /account - 200"}
{"level":"INFO","time":"2025-07-15T10:07:10.108Z","pid":42640,"hostname":"codespaces-01c546","req":{"method":"POST","url":"/gateway/transfer"},"event":"TRANSACTION_CREATED","transactionId":"6876284e0ed76e29b0ca2333","fromUserId":"CUST2025002","toUserId":"CUST2025001","amount":43,"ip":"::1","msg":"Transaction created"}
{"level":"INFO","time":"2025-07-15T10:07:10.110Z","pid":42640,"hostname":"codespaces-01c546","req":{"method":"POST","url":"/gateway/transfer"},"event":"TRANSACTION_PROCESSED","transactionId":"6876284e0ed76e29b0ca2333","status":"COMPLETED","processingTime":12,"ip":"::1","msg":"Transaction processed"}
{"level":"INFO","time":"2025-07-15T10:07:10.111Z","pid":42640,"hostname":"codespaces-01c546","req":{"method":"POST","url":"/gateway/transfer"},"res":{"statusCode":200},"responseTime":24,"msg":"POST /transfer - 200"}
{"level":"INFO","time":"2025-07-15T10:07:10.134Z","pid":42640,"hostname":"codespaces-01c546","req":{"method":"POST","url":"/gateway/transfer"},"event":"TRANSACTION_CREATED","transactionId":"6876284e0ed76e29b0ca233a","fromUserId":"CUST2025001","toUserId":"CUST2025003","amount":43,"ip":"::1","msg":"Transaction created"}
{"level":"INFO","time":"2025-07-15T10:07:10.139Z","pid":42640,"hostname":"codespaces-01c546","req":{"method":"POST","url":"/gateway/transfer"},"event":"TRANSACTION_PROCESSED","transactionId":"6876284e0ed76e29b0ca233a","status":"COMPLETED","processingTime":13,"ip":"::1","msg":"Transaction processed"}
{"level":"INFO","time":"2025-07-15T10:07:10.140Z","pid":42640,"hostname":"codespaces-01c546","req":{"method":"POST","url":"/gateway/transfer"},"res":{"statusCode":200},"responseTime":22,"msg":"POST /transfer - 200"}
{"level":"INFO","time":"2025-07-15T10:07:11.979Z","pid":42640,"hostname":"codespaces-01c546","req":{"method":"POST","url":"/gateway/account"},"res":{"statusCode":200},"responseTime":6,"msg":"POST /account - 200"}
{"level":"INFO","time":"2025-07-15T10:10:02.654Z","pid":42640,"hostname":"codespaces-01c546","req":{"method":"POST","url":"/gateway/account"},"res":{"statusCode":200},"responseTime":31,"msg":"POST /account - 200"}
{"level":"INFO","time":"2025-07-15T10:10:03.156Z","pid":42640,"hostname":"codespaces-01c546","req":{"method":"POST","url":"/gateway/account"},"res":{"statusCode":200},"responseTime":36,"msg":"POST /account - 200"}
{"level":"INFO","time":"2025-07-15T10:10:17.799Z","pid":42640,"hostname":"codespaces-01c546","req":{"method":"POST","url":"/gateway/account"},"res":{"statusCode":200},"responseTime":12,"msg":"POST /account - 200"}
